<?xml version="1.0" encoding="UTF-8"?>
<!-- Generated by org.testng.reporters.JUnitXMLReporter -->
<testsuite ignored="0" hostname="VPL-RDS01" failures="1" tests="1" name="Test" time="0.058" errors="0" timestamp="2023-12-20T22:38:39 PST">
  <testcase classname="com.AllCode.OtherSites.DataFromSheet" name="ExcelSheetData" time="0.011">
    <failure type="java.lang.Error" message="Unresolved compilation problem: 
	The method browserValue(String) is undefined for the type DataFromSheet
">
      <![CDATA[java.lang.Error: Unresolved compilation problem: 
The method browserValue(String) is undefined for the type DataFromSheet

at com.AllCode.OtherSites.DataFromSheet.ExcelSheetData(DataFromSheet.java:57)
at java.base/java.util.ArrayList.forEach(ArrayList.java:1511)
... Removed 27 stack frames]]>
    </failure>
  </testcase> <!-- ExcelSheetData -->
</testsuite> <!-- Test -->
